<?xml version="1.0" encoding="UTF-8"?>
<testsuite xmlns:xsi="http://www.w3.org/2001/XMLSchema-instance" xsi:noNamespaceSchemaLocation="https://maven.apache.org/surefire/maven-surefire-plugin/xsd/surefire-test-report.xsd" name="exercise.com.app.conf.CucumberTest" time="32.457" tests="6" errors="0" skipped="0" failures="0">
  <properties>
[...]
</properties>
  <testcase name="WITHOUT FIRST NAME FAILS" classname="Create an Account" time="0.998"/>
  <testcase name="WITHOUT LAST NAME FAILS" classname="Create an Account" time="0.02"/>
  <testcase name="WITH AN ID NUMBER FAILS" classname="Create an Account" time="0.013"/>
  <testcase name="WITH A CERO FOR A PIN FAILS" classname="Create an Account" time="0.022"/>
  <testcase name="WITHOUT ACCOUNT HOLDERS ID SUCCEEDS" classname="Create an Account" time="0.012"/>
  <testcase name="WITH ALL REQUIRED FIELDS SUCCEEDS" classname="Create an Account" time="0.017"/>
</testsuite>